<?xml version="1.0" encoding="UTF-8"?>
<!-- Generated by org.testng.reporters.JUnitReportReporter -->
<testsuite hostname="DESKTOP-MFIB063" failures="0" tests="5" name="org.restTestNg.RestassureedTestNg" time="5.265" errors="0" timestamp="04 Mar 2023 11:31:54 GMT" skipped="0">
  <testcase classname="org.restTestNg.RestassureedTestNg" name="get_01" time="2.635"/>
  <testcase classname="org.restTestNg.RestassureedTestNg" name="get_02" time="0.206"/>
  <testcase classname="org.restTestNg.RestassureedTestNg" name="post_01" time="0.698"/>
  <testcase classname="org.restTestNg.RestassureedTestNg" name="put_tc01" time="0.601"/>
  <testcase classname="org.restTestNg.RestassureedTestNg" name="delete_tc01" time="1.125"/>
</testsuite> <!-- org.restTestNg.RestassureedTestNg -->
